<?xml version="1.0" encoding="UTF-8"?>
<testng-results skipped="0" failed="0" total="8" passed="8">
  <reporter-output>
  </reporter-output>
  <suite name="Surefire suite" duration-ms="87097" started-at="2016-12-18T18:14:24Z" finished-at="2016-12-18T18:15:51Z">
    <groups>
    </groups>
    <test name="Surefire test" duration-ms="87097" started-at="2016-12-18T18:14:24Z" finished-at="2016-12-18T18:15:51Z">
      <class name="GuestActionsTest">
        <test-method status="PASS" signature="setUp()[pri:0, instance:GuestActionsTest@7a79be86]" name="setUp" is-config="true" duration-ms="7760" started-at="2016-12-18T21:15:06Z" finished-at="2016-12-18T21:15:14Z">
          <reporter-output>
          </reporter-output>
        </test-method> <!-- setUp -->
        <test-method status="PASS" signature="doSearch()[pri:0, instance:GuestActionsTest@7a79be86]" name="doSearch" duration-ms="1541" started-at="2016-12-18T21:15:14Z" finished-at="2016-12-18T21:15:15Z">
          <reporter-output>
          </reporter-output>
        </test-method> <!-- doSearch -->
        <test-method status="PASS" signature="close()[pri:0, instance:GuestActionsTest@7a79be86]" name="close" is-config="true" duration-ms="207" started-at="2016-12-18T21:15:15Z" finished-at="2016-12-18T21:15:16Z">
          <reporter-output>
          </reporter-output>
        </test-method> <!-- close -->
        <test-method status="PASS" signature="setUp()[pri:0, instance:GuestActionsTest@7a79be86]" name="setUp" is-config="true" duration-ms="7556" started-at="2016-12-18T21:15:16Z" finished-at="2016-12-18T21:15:23Z">
          <reporter-output>
          </reporter-output>
        </test-method> <!-- setUp -->
        <test-method status="PASS" signature="writeComment()[pri:0, instance:GuestActionsTest@7a79be86]" name="writeComment" duration-ms="1230" started-at="2016-12-18T21:15:23Z" finished-at="2016-12-18T21:15:24Z">
          <reporter-output>
          </reporter-output>
        </test-method> <!-- writeComment -->
        <test-method status="PASS" signature="close()[pri:0, instance:GuestActionsTest@7a79be86]" name="close" is-config="true" duration-ms="177" started-at="2016-12-18T21:15:24Z" finished-at="2016-12-18T21:15:25Z">
          <reporter-output>
          </reporter-output>
        </test-method> <!-- close -->
      </class> <!-- GuestActionsTest -->
      <class name="AdminActionsTest">
        <test-method status="PASS" signature="setUp()[pri:0, instance:AdminActionsTest@7a0ac6e3]" name="setUp" is-config="true" duration-ms="8721" started-at="2016-12-18T21:14:25Z" finished-at="2016-12-18T21:14:33Z">
          <reporter-output>
          </reporter-output>
        </test-method> <!-- setUp -->
        <test-method status="PASS" signature="doSearch(java.lang.String, java.lang.String)[pri:0, instance:AdminActionsTest@7a0ac6e3]" name="doSearch" duration-ms="4139" started-at="2016-12-18T21:14:33Z" data-provider="Correct login" finished-at="2016-12-18T21:14:37Z">
          <params>
            <param index="0">
              <value>
                <![CDATA[shukal]]>
              </value>
            </param>
            <param index="1">
              <value>
                <![CDATA[RsVSY%ztGWe)Ezmed1mMMc]]>
              </value>
            </param>
          </params>
          <reporter-output>
          </reporter-output>
        </test-method> <!-- doSearch -->
        <test-method status="PASS" signature="close()[pri:0, instance:AdminActionsTest@7a0ac6e3]" name="close" is-config="true" duration-ms="250" started-at="2016-12-18T21:14:37Z" finished-at="2016-12-18T21:14:38Z">
          <reporter-output>
          </reporter-output>
        </test-method> <!-- close -->
        <test-method status="PASS" signature="setUp()[pri:0, instance:AdminActionsTest@7a0ac6e3]" name="setUp" is-config="true" duration-ms="6974" started-at="2016-12-18T21:14:38Z" finished-at="2016-12-18T21:14:45Z">
          <reporter-output>
          </reporter-output>
        </test-method> <!-- setUp -->
        <test-method status="PASS" signature="writeComment(java.lang.String, java.lang.String)[pri:0, instance:AdminActionsTest@7a0ac6e3]" name="writeComment" duration-ms="4745" started-at="2016-12-18T21:14:45Z" data-provider="Correct login" finished-at="2016-12-18T21:14:49Z">
          <params>
            <param index="0">
              <value>
                <![CDATA[shukal]]>
              </value>
            </param>
            <param index="1">
              <value>
                <![CDATA[RsVSY%ztGWe)Ezmed1mMMc]]>
              </value>
            </param>
          </params>
          <reporter-output>
          </reporter-output>
        </test-method> <!-- writeComment -->
        <test-method status="PASS" signature="close()[pri:0, instance:AdminActionsTest@7a0ac6e3]" name="close" is-config="true" duration-ms="235" started-at="2016-12-18T21:14:49Z" finished-at="2016-12-18T21:14:50Z">
          <reporter-output>
          </reporter-output>
        </test-method> <!-- close -->
        <test-method status="PASS" signature="setUp()[pri:0, instance:AdminActionsTest@7a0ac6e3]" name="setUp" is-config="true" duration-ms="7833" started-at="2016-12-18T21:14:50Z" finished-at="2016-12-18T21:14:57Z">
          <reporter-output>
          </reporter-output>
        </test-method> <!-- setUp -->
        <test-method status="PASS" signature="writePost(java.lang.String, java.lang.String)[pri:0, instance:AdminActionsTest@7a0ac6e3]" name="writePost" duration-ms="8419" started-at="2016-12-18T21:14:57Z" data-provider="Correct login" finished-at="2016-12-18T21:15:06Z">
          <params>
            <param index="0">
              <value>
                <![CDATA[shukal]]>
              </value>
            </param>
            <param index="1">
              <value>
                <![CDATA[RsVSY%ztGWe)Ezmed1mMMc]]>
              </value>
            </param>
          </params>
          <reporter-output>
          </reporter-output>
        </test-method> <!-- writePost -->
        <test-method status="PASS" signature="close()[pri:0, instance:AdminActionsTest@7a0ac6e3]" name="close" is-config="true" duration-ms="215" started-at="2016-12-18T21:15:06Z" finished-at="2016-12-18T21:15:06Z">
          <reporter-output>
          </reporter-output>
        </test-method> <!-- close -->
      </class> <!-- AdminActionsTest -->
      <class name="LoginTest">
        <test-method status="PASS" signature="setUp()[pri:0, instance:LoginTest@7e0ea639]" name="setUp" is-config="true" duration-ms="7124" started-at="2016-12-18T21:15:25Z" finished-at="2016-12-18T21:15:32Z">
          <reporter-output>
          </reporter-output>
        </test-method> <!-- setUp -->
        <test-method status="PASS" signature="tryToLoginNegative(java.lang.String, java.lang.String)[pri:0, instance:LoginTest@7e0ea639]" name="tryToLoginNegative" duration-ms="1226" started-at="2016-12-18T21:15:32Z" data-provider="Incorrect login" finished-at="2016-12-18T21:15:33Z">
          <params>
            <param index="0">
              <value>
                <![CDATA[_(*'jhg]]>
              </value>
            </param>
            <param index="1">
              <value>
                <![CDATA[1]]>
              </value>
            </param>
          </params>
          <reporter-output>
          </reporter-output>
        </test-method> <!-- tryToLoginNegative -->
        <test-method status="PASS" signature="close()[pri:0, instance:LoginTest@7e0ea639]" name="close" is-config="true" duration-ms="206" started-at="2016-12-18T21:15:33Z" finished-at="2016-12-18T21:15:33Z">
          <reporter-output>
          </reporter-output>
        </test-method> <!-- close -->
        <test-method status="PASS" signature="setUp()[pri:0, instance:LoginTest@7e0ea639]" name="setUp" is-config="true" duration-ms="6698" started-at="2016-12-18T21:15:33Z" finished-at="2016-12-18T21:15:40Z">
          <reporter-output>
          </reporter-output>
        </test-method> <!-- setUp -->
        <test-method status="PASS" signature="tryToLoginPositive(java.lang.String, java.lang.String)[pri:0, instance:LoginTest@7e0ea639]" name="tryToLoginPositive" duration-ms="2597" started-at="2016-12-18T21:15:40Z" data-provider="Correct login" finished-at="2016-12-18T21:15:42Z">
          <params>
            <param index="0">
              <value>
                <![CDATA[shukal]]>
              </value>
            </param>
            <param index="1">
              <value>
                <![CDATA[RsVSY%ztGWe)Ezmed1mMMc]]>
              </value>
            </param>
          </params>
          <reporter-output>
          </reporter-output>
        </test-method> <!-- tryToLoginPositive -->
        <test-method status="PASS" signature="close()[pri:0, instance:LoginTest@7e0ea639]" name="close" is-config="true" duration-ms="173" started-at="2016-12-18T21:15:42Z" finished-at="2016-12-18T21:15:43Z">
          <reporter-output>
          </reporter-output>
        </test-method> <!-- close -->
        <test-method status="PASS" signature="setUp()[pri:0, instance:LoginTest@7e0ea639]" name="setUp" is-config="true" duration-ms="6847" started-at="2016-12-18T21:15:43Z" finished-at="2016-12-18T21:15:49Z">
          <reporter-output>
          </reporter-output>
        </test-method> <!-- setUp -->
        <test-method status="PASS" signature="tryToLogout(java.lang.String, java.lang.String)[pri:0, instance:LoginTest@7e0ea639]" name="tryToLogout" duration-ms="1702" started-at="2016-12-18T21:15:49Z" data-provider="Correct login" finished-at="2016-12-18T21:15:51Z">
          <params>
            <param index="0">
              <value>
                <![CDATA[shukal]]>
              </value>
            </param>
            <param index="1">
              <value>
                <![CDATA[RsVSY%ztGWe)Ezmed1mMMc]]>
              </value>
            </param>
          </params>
          <reporter-output>
          </reporter-output>
        </test-method> <!-- tryToLogout -->
        <test-method status="PASS" signature="close()[pri:0, instance:LoginTest@7e0ea639]" name="close" is-config="true" duration-ms="193" started-at="2016-12-18T21:15:51Z" finished-at="2016-12-18T21:15:51Z">
          <reporter-output>
          </reporter-output>
        </test-method> <!-- close -->
      </class> <!-- LoginTest -->
    </test> <!-- Surefire test -->
  </suite> <!-- Surefire suite -->
</testng-results>
