<?xml version="1.0" encoding="UTF-8"?>
<!-- Generated by org.testng.reporters.JUnitXMLReporter -->
<testsuite hostname="shukal-K73TK" tests="8" failures="0" timestamp="18 Dec 2016 18:15:51 GMT" time="87.097" errors="0">
  <testcase name="doSearch" time="4.139" classname="AdminActionsTest"/>
  <testcase name="writeComment" time="4.745" classname="AdminActionsTest"/>
  <testcase name="writePost" time="8.419" classname="AdminActionsTest"/>
  <testcase name="doSearch" time="1.541" classname="GuestActionsTest"/>
  <testcase name="writeComment" time="1.23" classname="GuestActionsTest"/>
  <testcase name="tryToLoginNegative" time="1.226" classname="LoginTest"/>
  <testcase name="tryToLoginPositive" time="2.597" classname="LoginTest"/>
  <testcase name="tryToLogout" time="1.702" classname="LoginTest"/>
</testsuite>
